<?xml version="1.0" encoding="UTF-8"?>
<!-- Generated by org.testng.reporters.JUnitXMLReporter -->
<testsuite ignored="0" hostname="DELL-PC" failures="0" tests="8" name="Default test" time="86.206" errors="0" timestamp="2020-03-13T00:29:36 NPT">
  <testcase classname="testNG.TestAutomation" name="getDresses" time="24.515"/>
  <testcase classname="testNG.TestAutomation" name="getinStock" time="2.289"/>
  <testcase classname="testNG.TestAutomation" name="getProduct" time="7.296"/>
  <testcase classname="testNG.TestAutomation" name="changeQuantity" time="2.117"/>
  <testcase classname="testNG.TestAutomation" name="changeSize" time="4.967"/>
  <testcase classname="testNG.TestAutomation" name="changeColor" time="2.148"/>
  <testcase classname="testNG.TestAutomation" name="addToCart" time="4.091"/>
  <testcase classname="testNG.TestAutomation" name="proceedToCheckOut" time="7.52"/>
</testsuite> <!-- Default test -->
