<?xml version="1.0" encoding="UTF-8"?>
<!-- Generated by org.testng.reporters.JUnitXMLReporter -->
<testsuite ignored="0" hostname="DELL-PC" failures="0" tests="8" name="Testing_Web" time="108.722" errors="0" timestamp="2020-03-13T00:42:13 NPT">
  <testcase classname="testNG.TestAutomation" name="getDresses" time="31.114"/>
  <testcase classname="testNG.TestAutomation" name="getinStock" time="2.169"/>
  <testcase classname="testNG.TestAutomation" name="getProduct" time="6.423"/>
  <testcase classname="testNG.TestAutomation" name="changeQuantity" time="2.116"/>
  <testcase classname="testNG.TestAutomation" name="changeSize" time="4.674"/>
  <testcase classname="testNG.TestAutomation" name="changeColor" time="2.145"/>
  <testcase classname="testNG.TestAutomation" name="addToCart" time="4.117"/>
  <testcase classname="testNG.TestAutomation" name="proceedToCheckOut" time="7.154"/>
</testsuite> <!-- Testing_Web -->
